app/build/intermediates/manifest_merge_blame_file/debug/manifest-merger-blame-debug-report.txt
1<?xml version="1.0" encoding="utf-8"?>
2<manifest xmlns:android="http://schemas.android.com/apk/res/android"
3    package="edu.farmingdale.alrajab.bcs421"
4    android:versionCode="1"
5    android:versionName="1.0" >
6
7    <uses-sdk
8        android:minSdkVersion="28"
8-->src/main/AndroidManifest.xml
9        android:targetSdkVersion="32" />
9-->src/main/AndroidManifest.xml
10
11    <application
11-->src/main/AndroidManifest.xml:5:5-45:19
12        android:allowBackup="true"
12-->src/main/AndroidManifest.xml:6:9-35
13        android:appComponentFactory="androidx.core.app.CoreComponentFactory"
13-->[androidx.core:core:1.8.0] AndroidManifest.xml:24:18-86
14        android:dataExtractionRules="@xml/data_extraction_rules"
14-->src/main/AndroidManifest.xml:7:9-65
15        android:debuggable="true"
16        android:extractNativeLibs="false"
17        android:fullBackupContent="@xml/backup_rules"
17-->src/main/AndroidManifest.xml:8:9-54
18        android:icon="@mipmap/ic_launcher"
18-->src/main/AndroidManifest.xml:9:9-43
19        android:label="@string/app_name"
19-->src/main/AndroidManifest.xml:10:9-41
20        android:roundIcon="@mipmap/ic_launcher_round"
20-->src/main/AndroidManifest.xml:11:9-54
21        android:supportsRtl="true"
21-->src/main/AndroidManifest.xml:12:9-35
22        android:testOnly="true"
23        android:theme="@style/Theme.DataPersistence" >
23-->src/main/AndroidManifest.xml:13:9-53
24        <activity
24-->src/main/AndroidManifest.xml:15:9-17:40
25            android:name="edu.farmingdale.alrajab.bcs421.UsersActivity"
25-->src/main/AndroidManifest.xml:16:13-42
26            android:exported="false" />
26-->src/main/AndroidManifest.xml:17:13-37
27        <activity
27-->src/main/AndroidManifest.xml:18:9-24:20
28            android:name="edu.farmingdale.alrajab.bcs421.database.DatabaseActivity"
28-->src/main/AndroidManifest.xml:19:13-54
29            android:exported="false" >
29-->src/main/AndroidManifest.xml:20:13-37
30            <meta-data
30-->src/main/AndroidManifest.xml:21:13-23:36
31                android:name="android.app.lib_name"
31-->src/main/AndroidManifest.xml:22:17-52
32                android:value="" />
32-->src/main/AndroidManifest.xml:23:17-33
33        </activity>
34        <activity
34-->src/main/AndroidManifest.xml:25:9-31:20
35            android:name="edu.farmingdale.alrajab.bcs421.files.FileActivity"
35-->src/main/AndroidManifest.xml:26:13-47
36            android:exported="false" >
36-->src/main/AndroidManifest.xml:27:13-37
37            <meta-data
37-->src/main/AndroidManifest.xml:21:13-23:36
38                android:name="android.app.lib_name"
38-->src/main/AndroidManifest.xml:22:17-52
39                android:value="" />
39-->src/main/AndroidManifest.xml:23:17-33
40        </activity>
41        <activity
41-->src/main/AndroidManifest.xml:32:9-44:20
42            android:name="edu.farmingdale.alrajab.bcs421.MainActivity"
42-->src/main/AndroidManifest.xml:33:13-41
43            android:exported="true" >
43-->src/main/AndroidManifest.xml:34:13-36
44            <intent-filter>
44-->src/main/AndroidManifest.xml:35:13-39:29
45                <action android:name="android.intent.action.MAIN" />
45-->src/main/AndroidManifest.xml:36:17-69
45-->src/main/AndroidManifest.xml:36:25-66
46
47                <category android:name="android.intent.category.LAUNCHER" />
47-->src/main/AndroidManifest.xml:38:17-77
47-->src/main/AndroidManifest.xml:38:27-74
48            </intent-filter>
49
50            <meta-data
50-->src/main/AndroidManifest.xml:21:13-23:36
51                android:name="android.app.lib_name"
51-->src/main/AndroidManifest.xml:22:17-52
52                android:value="" />
52-->src/main/AndroidManifest.xml:23:17-33
53        </activity>
54
55        <service
55-->[androidx.room:room-runtime:2.4.0] AndroidManifest.xml:25:9-28:40
56            android:name="androidx.room.MultiInstanceInvalidationService"
56-->[androidx.room:room-runtime:2.4.0] AndroidManifest.xml:26:13-74
57            android:directBootAware="true"
57-->[androidx.room:room-runtime:2.4.0] AndroidManifest.xml:27:13-43
58            android:exported="false" />
58-->[androidx.room:room-runtime:2.4.0] AndroidManifest.xml:28:13-37
59
60        <provider
60-->[androidx.emoji2:emoji2:1.2.0] AndroidManifest.xml:24:9-32:20
61            android:name="androidx.startup.InitializationProvider"
61-->[androidx.emoji2:emoji2:1.2.0] AndroidManifest.xml:25:13-67
62            android:authorities="edu.farmingdale.alrajab.bcs421.androidx-startup"
62-->[androidx.emoji2:emoji2:1.2.0] AndroidManifest.xml:26:13-68
63            android:exported="false" >
63-->[androidx.emoji2:emoji2:1.2.0] AndroidManifest.xml:27:13-37
64            <meta-data
64-->[androidx.emoji2:emoji2:1.2.0] AndroidManifest.xml:29:13-31:52
65                android:name="androidx.emoji2.text.EmojiCompatInitializer"
65-->[androidx.emoji2:emoji2:1.2.0] AndroidManifest.xml:30:17-75
66                android:value="androidx.startup" />
66-->[androidx.emoji2:emoji2:1.2.0] AndroidManifest.xml:31:17-49
67            <meta-data
67-->[androidx.lifecycle:lifecycle-process:2.4.1] AndroidManifest.xml:31:13-33:52
68                android:name="androidx.lifecycle.ProcessLifecycleInitializer"
68-->[androidx.lifecycle:lifecycle-process:2.4.1] AndroidManifest.xml:32:17-78
69                android:value="androidx.startup" />
69-->[androidx.lifecycle:lifecycle-process:2.4.1] AndroidManifest.xml:33:17-49
70        </provider>
71    </application>
72
73</manifest>